# JRE version: Java(TM) SE Runtime Environment (8.0_111-b14) (build 1.8.0_111-b14)
# Java VM: Java HotSpot(TM) 64-Bit Server VM (25.111-b14 mixed mode windows-amd64 compressed oops)
Heap:
 PSYoungGen      total 59392K, used 39562K [0x00000000d5c00000, 0x00000000dc300000, 0x0000000100000000)
  eden space 54272K, 67% used [0x00000000d5c00000,0x00000000d7f98e78,0x00000000d9100000)
  from space 5120K, 60% used [0x00000000d9100000,0x00000000d9409b98,0x00000000d9600000)
  to   space 10240K, 0% used [0x00000000db900000,0x00000000db900000,0x00000000dc300000)
 ParOldGen       total 56832K, used 25455K [0x0000000081400000, 0x0000000084b80000, 0x00000000d5c00000)
  object space 56832K, 44% used [0x0000000081400000,0x0000000082cdbd28,0x0000000084b80000)
 Metaspace       used 24154K, capacity 24539K, committed 24832K, reserved 1071104K
  class space    used 2673K, capacity 2761K, committed 2816K, reserved 1048576K
GC Heap History (10 events):
Event: 5.564 GC heap before
{Heap before GC invocations=2 (full 0):
 PSYoungGen      total 38400K, used 17709K [0x00000000d5c00000, 0x00000000d8680000, 0x0000000100000000)
  eden space 33280K, 37% used [0x00000000d5c00000,0x00000000d684dca8,0x00000000d7c80000)
  from space 5120K, 99% used [0x00000000d7c80000,0x00000000d817da40,0x00000000d8180000)
  to   space 5120K, 0% used [0x00000000d8180000,0x00000000d8180000,0x00000000d8680000)
 ParOldGen       total 87552K, used 3664K [0x0000000081400000, 0x0000000086980000, 0x00000000d5c00000)
  object space 87552K, 4% used [0x0000000081400000,0x0000000081794310,0x0000000086980000)
 Metaspace       used 20786K, capacity 20999K, committed 21248K, reserved 1069056K
  class space    used 2391K, capacity 2459K, committed 2560K, reserved 1048576K
Event: 5.572 GC heap after
Heap after GC invocations=2 (full 0):
 PSYoungGen      total 38400K, used 5107K [0x00000000d5c00000, 0x00000000da700000, 0x0000000100000000)
  eden space 33280K, 0% used [0x00000000d5c00000,0x00000000d5c00000,0x00000000d7c80000)
  from space 5120K, 99% used [0x00000000d8180000,0x00000000d867ce50,0x00000000d8680000)
  to   space 5120K, 0% used [0x00000000d7c80000,0x00000000d7c80000,0x00000000d8180000)
 ParOldGen       total 87552K, used 5522K [0x0000000081400000, 0x0000000086980000, 0x00000000d5c00000)
  object space 87552K, 6% used [0x0000000081400000,0x0000000081964800,0x0000000086980000)
 Metaspace       used 20786K, capacity 20999K, committed 21248K, reserved 1069056K
  class space    used 2391K, capacity 2459K, committed 2560K, reserved 1048576K
}
Event: 5.572 GC heap before
{Heap before GC invocations=3 (full 1):
 PSYoungGen      total 38400K, used 5107K [0x00000000d5c00000, 0x00000000da700000, 0x0000000100000000)
  eden space 33280K, 0% used [0x00000000d5c00000,0x00000000d5c00000,0x00000000d7c80000)
  from space 5120K, 99% used [0x00000000d8180000,0x00000000d867ce50,0x00000000d8680000)
  to   space 5120K, 0% used [0x00000000d7c80000,0x00000000d7c80000,0x00000000d8180000)
 ParOldGen       total 87552K, used 5522K [0x0000000081400000, 0x0000000086980000, 0x00000000d5c00000)
  object space 87552K, 6% used [0x0000000081400000,0x0000000081964800,0x0000000086980000)
 Metaspace       used 20786K, capacity 20999K, committed 21248K, reserved 1069056K
  class space    used 2391K, capacity 2459K, committed 2560K, reserved 1048576K
Event: 5.606 GC heap after
Heap after GC invocations=3 (full 1):
 PSYoungGen      total 38400K, used 0K [0x00000000d5c00000, 0x00000000da700000, 0x0000000100000000)
  eden space 33280K, 0% used [0x00000000d5c00000,0x00000000d5c00000,0x00000000d7c80000)
  from space 5120K, 0% used [0x00000000d8180000,0x00000000d8180000,0x00000000d8680000)
  to   space 5120K, 0% used [0x00000000d7c80000,0x00000000d7c80000,0x00000000d8180000)
 ParOldGen       total 56832K, used 8007K [0x0000000081400000, 0x0000000084b80000, 0x00000000d5c00000)
  object space 56832K, 14% used [0x0000000081400000,0x0000000081bd1d18,0x0000000084b80000)
 Metaspace       used 20786K, capacity 20999K, committed 21248K, reserved 1069056K
  class space    used 2391K, capacity 2459K, committed 2560K, reserved 1048576K
}
Event: 6.039 GC heap before
{Heap before GC invocations=4 (full 1):
 PSYoungGen      total 38400K, used 33280K [0x00000000d5c00000, 0x00000000da700000, 0x0000000100000000)
  eden space 33280K, 100% used [0x00000000d5c00000,0x00000000d7c80000,0x00000000d7c80000)
  from space 5120K, 0% used [0x00000000d8180000,0x00000000d8180000,0x00000000d8680000)
  to   space 5120K, 0% used [0x00000000d7c80000,0x00000000d7c80000,0x00000000d8180000)
 ParOldGen       total 56832K, used 25431K [0x0000000081400000, 0x0000000084b80000, 0x00000000d5c00000)
  object space 56832K, 44% used [0x0000000081400000,0x0000000082cd5d28,0x0000000084b80000)
 Metaspace       used 22422K, capacity 22773K, committed 22912K, reserved 1069056K
  class space    used 2591K, capacity 2680K, committed 2688K, reserved 1048576K
Event: 6.042 GC heap after
Heap after GC invocations=4 (full 1):
 PSYoungGen      total 38400K, used 3230K [0x00000000d5c00000, 0x00000000d9b80000, 0x0000000100000000)
  eden space 33280K, 0% used [0x00000000d5c00000,0x00000000d5c00000,0x00000000d7c80000)
  from space 5120K, 63% used [0x00000000d7c80000,0x00000000d7fa7b18,0x00000000d8180000)
  to   space 5120K, 0% used [0x00000000d9680000,0x00000000d9680000,0x00000000d9b80000)
 ParOldGen       total 56832K, used 25439K [0x0000000081400000, 0x0000000084b80000, 0x00000000d5c00000)
  object space 56832K, 44% used [0x0000000081400000,0x0000000082cd7d28,0x0000000084b80000)
 Metaspace       used 22422K, capacity 22773K, committed 22912K, reserved 1069056K
  class space    used 2591K, capacity 2680K, committed 2688K, reserved 1048576K
}
Event: 6.477 GC heap before
{Heap before GC invocations=5 (full 1):
 PSYoungGen      total 38400K, used 36510K [0x00000000d5c00000, 0x00000000d9b80000, 0x0000000100000000)
  eden space 33280K, 100% used [0x00000000d5c00000,0x00000000d7c80000,0x00000000d7c80000)
  from space 5120K, 63% used [0x00000000d7c80000,0x00000000d7fa7b18,0x00000000d8180000)
  to   space 5120K, 0% used [0x00000000d9680000,0x00000000d9680000,0x00000000d9b80000)
 ParOldGen       total 56832K, used 25439K [0x0000000081400000, 0x0000000084b80000, 0x00000000d5c00000)
  object space 56832K, 44% used [0x0000000081400000,0x0000000082cd7d28,0x0000000084b80000)
 Metaspace       used 22670K, capacity 23063K, committed 23296K, reserved 1069056K
  class space    used 2610K, capacity 2723K, committed 2816K, reserved 1048576K
Event: 6.481 GC heap after
Heap after GC invocations=5 (full 1):
 PSYoungGen      total 58880K, used 2123K [0x00000000d5c00000, 0x00000000d9b00000, 0x0000000100000000)
  eden space 54272K, 0% used [0x00000000d5c00000,0x00000000d5c00000,0x00000000d9100000)
  from space 4608K, 46% used [0x00000000d9680000,0x00000000d9892f80,0x00000000d9b00000)
  to   space 5120K, 0% used [0x00000000d9100000,0x00000000d9100000,0x00000000d9600000)
 ParOldGen       total 56832K, used 25447K [0x0000000081400000, 0x0000000084b80000, 0x00000000d5c00000)
  object space 56832K, 44% used [0x0000000081400000,0x0000000082cd9d28,0x0000000084b80000)
 Metaspace       used 22670K, capacity 23063K, committed 23296K, reserved 1069056K
  class space    used 2610K, capacity 2723K, committed 2816K, reserved 1048576K
}
Event: 17.329 GC heap before
{Heap before GC invocations=6 (full 1):
 PSYoungGen      total 58880K, used 56395K [0x00000000d5c00000, 0x00000000d9b00000, 0x0000000100000000)
  eden space 54272K, 100% used [0x00000000d5c00000,0x00000000d9100000,0x00000000d9100000)
  from space 4608K, 46% used [0x00000000d9680000,0x00000000d9892f80,0x00000000d9b00000)
  to   space 5120K, 0% used [0x00000000d9100000,0x00000000d9100000,0x00000000d9600000)
 ParOldGen       total 56832K, used 25447K [0x0000000081400000, 0x0000000084b80000, 0x00000000d5c00000)
  object space 56832K, 44% used [0x0000000081400000,0x0000000082cd9d28,0x0000000084b80000)
 Metaspace       used 24057K, capacity 24475K, committed 24576K, reserved 1071104K
  class space    used 2670K, capacity 2761K, committed 2816K, reserved 1048576K
Event: 17.337 GC heap after
Heap after GC invocations=6 (full 1):
 PSYoungGen      total 59392K, used 3110K [0x00000000d5c00000, 0x00000000dc300000, 0x0000000100000000)
  eden space 54272K, 0% used [0x00000000d5c00000,0x00000000d5c00000,0x00000000d9100000)
  from space 5120K, 60% used [0x00000000d9100000,0x00000000d9409b98,0x00000000d9600000)
  to   space 10240K, 0% used [0x00000000db900000,0x00000000db900000,0x00000000dc300000)
 ParOldGen       total 56832K, used 25455K [0x0000000081400000, 0x0000000084b80000, 0x00000000d5c00000)
  object space 56832K, 44% used [0x0000000081400000,0x0000000082cdbd28,0x0000000084b80000)
 Metaspace       used 24057K, capacity 24475K, committed 24576K, reserved 1071104K
  class space    used 2670K, capacity 2761K, committed 2816K, reserved 1048576K
}

